Arguments: 
  C:\Program Files\nodejs\node.exe C:\Program Files (x86)\Yarn\bin\yarn.js install

PATH: 
  C:\Program Files (x86)\Common Files\Oracle\Java\javapath;C:\Program Files (x86)\Intel\iCLS Client\;C:\Program Files\Intel\iCLS Client\;C:\Windows\system32;C:\Windows;C:\Windows\System32\Wbem;C:\Windows\System32\WindowsPowerShell\v1.0\;C:\Program Files (x86)\Intel\Intel(R) Management Engine Components\DAL;C:\Program Files\Intel\Intel(R) Management Engine Components\DAL;C:\Program Files (x86)\Intel\Intel(R) Management Engine Components\IPT;C:\Program Files\Intel\Intel(R) Management Engine Components\IPT;C:\Program Files (x86)\NVIDIA Corporation\PhysX\Common;C:\WINDOWS\system32;C:\WINDOWS;C:\WINDOWS\System32\Wbem;C:\WINDOWS\System32\WindowsPowerShell\v1.0\;D:\soft\nvm;C:\Program Files\nodejs;C:\WINDOWS\System32\OpenSSH\;D:\soft\java\bin;D:\soft\javajre\bin;D:\soft\Microsoft VS Code\bin;C:\Program Files (x86)\Yarn\bin\;D:\MongoDB\Server\4.0\bin;D:\mySql\bin;D:\soft\GnuWin32\bin;D:\soft\redis\;C:\Program Files\Intel\WiFi\bin\;C:\Program Files\Common Files\Intel\WirelessCommon\;C:\Users\赵安东\AppData\Local\Microsoft\WindowsApps;C:\Users\赵安东\AppData\Local\atom\bin;C:\Users\赵安东\AppData\Roaming\npm;C:\Users\赵安东\AppData\Local\Microsoft\WindowsApps;D:\soft\nvm;C:\Program Files\nodejs;D:\soft\Microsoft VS Code\bin;D:\soft\Microsoft VS Code2\bin;C:\Users\赵安东\AppData\Local\Yarn\bin;

Yarn version: 
  1.12.1

Node version: 
  10.14.2

Platform: 
  win32 x64

Trace: 
  SyntaxError: D:\react\reactGit\jokcy\with-redux-thunk-app\package.json: Unexpected string in JSON at position 333
      at JSON.parse (<anonymous>)
      at C:\Program Files (x86)\Yarn\lib\cli.js:1166:59
      at Generator.next (<anonymous>)
      at step (C:\Program Files (x86)\Yarn\lib\cli.js:92:30)
      at C:\Program Files (x86)\Yarn\lib\cli.js:103:13

npm manifest: 
  {
    "name": "with-redux",
    "version": "1.0.0",
    "scripts": {
      "dev": "next",
      "build": "next build",
      "start": "next start"
    },
    "dependencies": {
      "next": "9.1.2",
      "react": "^16.11.0",
      "react-dom": "^16.11.0",
      "react-redux": "^7.1.3",
      "redux": "^4.0.4",
      "redux-devtools-extension": "^2.13.8"
      "redux-thunk": "^2.3.0"
    },
    "license": "ISC"
  }

yarn manifest: 
  No manifest

Lockfile: 
  No lockfile
